<?xml version="1.0" encoding="UTF-8"?>
<!-- Generated by org.testng.reporters.JUnitReportReporter -->
<testsuite hostname="LIN-5CG0215GRB" failures="0" tests="1" name="TestCases.Testcase" time="15.858" errors="0" timestamp="2024-03-22T10:45:00 IST" skipped="0">
  <testcase classname="TestCases.Testcase" name="Program" time="15.858"/>
</testsuite> <!-- TestCases.Testcase -->
